Max Distance:	4294967296	Refresh Period:	2147483648	RPeriod Mask:	7fffffff

0	1147072	922048
1	1101664	897376
2	1964416	1647344
3	1820112	1181808
4	647552	462992
5	368384	163024
6	38480	38416
7	137536	137072
8	127840	21568
9	31808	31776
10	16320	16304
11	137584	137120
12	31072	30288
13	16272	16256
14	26320	26224
15	17616	17616
16	37168	36832
17	19392	19376
18	29712	29696
19	5376	5376
20	25792	25776
21	9632	9552
22	2512	2464
23	5088	5008
24	9600	9584
25	6128	6112
26	2240	2240
27	1072	1072
28	6288	6176
29	29328	29312
30	1008	976
31	2608	2608
32	3840	3760
33	5664	5664
34	7856	7840
35	5376	5360
36	3376	3376
37	2416	2384
38	95488	95488
39	1296	1248
40	52880	52880
41	2368	2352
42	47232	47200
43	3920	3904
44	14560	14528
45	2112	2112
46	120992	120992
47	7968	7904
48	4048	4048
49	14512	14224
50	8432	8416
51	62704	6832
52	63024	55376
53	3248	3248
54	2528	2528
55	11936	3680
56	11552	11520
57	3728	3712
58	8256	6608
59	9648	7216
60	3600	480
61	6848	6816
62	4976	4976
63	6816	4624
64	18928	6528
66	11920	10528
68	33504	30528
70	21216	19920
72	10608	7776
74	10240	10224
76	9120	7152
78	21568	14672
80	26448	8064
82	19760	19728
84	7440	6160
86	3808	3792
88	5968	5968
90	2576	2496
92	6768	6768
94	5152	2560
96	9344	5936
98	4048	4016
100	9840	9776
102	5248	5248
104	15168	15152
106	4160	4112
108	3344	3328
110	4560	4560
112	2624	2624
114	3616	3600
116	2384	2368
118	4432	4432
120	3664	3664
122	2784	2768
124	432	432
126	4368	4336
128	2080	2080
132	1488	1488
136	7200	7136
140	1008	928
144	7088	6960
148	15600	15536
152	10752	10608
156	2176	1888
160	10688	10640
164	9584	9584
168	4864	4816
172	6800	6768
176	8000	7968
180	3376	3376
184	2656	2048
188	1264	1008
192	288	272
196	560	560
200	416	352
204	256	176
208	176	176
212	240	160
216	208	144
220	256	192
224	176	160
228	304	224
232	320	224
236	128	112
240	304	288
244	320	288
248	128	128
252	224	208
256	688	672
264	400	304
272	240	208
280	448	288
288	320	288
296	288	256
304	656	592
312	352	272
320	336	320
328	256	240
336	816	768
344	816	784
352	512	480
360	560	400
368	512	448
376	336	336
384	368	304
392	368	320
400	368	336
408	304	256
416	288	240
424	352	272
432	384	368
440	352	320
448	272	208
456	208	176
464	256	240
472	400	384
480	512	480
488	352	320
496	352	288
504	512	480
512	576	496
528	736	656
544	784	672
560	496	416
576	512	512
592	448	416
608	368	256
624	480	464
640	432	352
656	496	432
672	496	448
688	528	400
704	384	352
720	448	352
736	448	400
752	400	336
768	240	224
784	368	336
800	320	304
816	400	352
832	416	368
848	368	336
864	304	256
880	336	304
896	304	272
912	320	304
928	288	288
944	208	192
960	224	224
976	144	144
992	272	272
1008	336	272
1024	480	448
1056	400	368
1088	432	368
1120	336	288
1152	416	384
1184	560	496
1216	272	240
1248	384	336
1280	304	208
1312	576	560
1344	288	256
1376	240	240
1408	144	128
1440	208	192
1472	160	160
1504	208	160
1536	192	176
1568	208	192
1600	304	256
1632	208	192
1664	256	208
1696	272	240
1728	208	176
1760	112	112
1792	96	80
1824	160	144
1856	64	64
1888	144	128
1920	144	128
1952	144	128
1984	144	112
2016	192	192
2048	176	176
2112	208	160
2176	144	144
2240	208	192
2304	80	64
2368	192	192
2432	80	80
2496	176	176
2560	96	96
2624	64	48
2688	64	64
2752	64	64
2816	80	64
2880	32	32
2944	128	128
3008	48	48
3072	48	48
3136	80	80
3200	32	32
3264	80	80
3328	48	16
3392	80	80
3456	208	192
3520	96	96
3584	112	80
3648	80	48
3712	32	32
3776	64	64
3840	144	96
3904	80	80
3968	32	32
4032	96	96
4096	48	48
4224	112	112
4352	96	96
4480	176	144
4608	160	128
4736	80	48
4864	80	48
4992	32	32
5120	32	32
5248	48	48
5376	128	128
5504	64	64
5632	16	16
5760	96	80
5888	64	64
6016	112	96
6144	0	0
6272	80	80
6400	16	16
6528	16	16
6656	64	48
6784	64	64
6912	64	48
7040	16	16
7168	0	0
7296	32	32
7424	0	0
7552	32	32
7680	0	0
7808	16	16
7936	32	32
8064	32	32
8192	32	32
8448	48	48
8704	32	32
8960	32	32
9216	32	32
9472	0	0
9728	16	16
9984	64	64
10240	0	0
10496	0	0
10752	0	0
11008	32	32
11264	32	32
11520	48	48
11776	32	32
12032	16	16
12288	16	16
12544	16	16
12800	32	32
13056	16	16
13312	0	0
13568	16	16
13824	0	0
14080	0	0
14336	16	16
14592	16	16
14848	0	0
15104	32	32
15360	32	32
15616	16	16
15872	16	16
16128	16	16
16384	0	0
16896	16	16
17408	0	0
17920	32	32
18432	32	32
18944	112	112
19456	192	192
19968	448	448
20480	240	240
20992	384	384
21504	288	288
22016	368	368
22528	544	544
23040	352	352
23552	448	448
24064	288	288
24576	336	336
25088	400	400
25600	464	464
26112	448	448
26624	496	496
27136	528	528
27648	416	400
28160	320	320
28672	416	416
29184	464	464
29696	368	368
30208	352	352
30720	304	304
31232	272	272
31744	240	240
32256	160	160
32768	240	240
33792	240	240
34816	80	80
35840	48	48
36864	112	112
37888	16	16
38912	16	16
39936	16	0
40960	0	0
41984	16	16
43008	0	0
44032	0	0
45056	0	0
46080	0	0
47104	16	0
48128	16	16
49152	0	0
50176	0	0
51200	64	48
52224	16	16
53248	0	0
54272	0	0
55296	0	0
56320	0	0
57344	32	0
58368	0	0
59392	16	16
60416	32	16
61440	16	16
62464	16	16
63488	16	0
64512	0	0
65536	32	32
67584	0	0
69632	16	0
71680	0	0
73728	16	0
75776	16	16
77824	0	0
79872	16	16
81920	16	0
83968	16	16
86016	0	0
88064	0	0
90112	16	16
92160	16	0
94208	0	0
96256	0	0
98304	32	0
100352	32	0
102400	16	16
104448	0	0
106496	0	0
108544	0	0
110592	16	0
112640	0	0
114688	16	16
116736	0	0
118784	32	0
120832	16	0
122880	0	0
124928	16	0
126976	16	0
129024	0	0
131072	32	16
135168	16	0
139264	16	0
143360	16	16
147456	16	16
151552	32	0
155648	32	16
159744	0	0
163840	0	0
167936	0	0
172032	0	0
176128	0	0
180224	0	0
184320	0	0
188416	0	0
192512	16	16
196608	0	0
200704	0	0
204800	0	0
208896	0	0
212992	0	0
217088	0	0
221184	0	0
225280	0	0
229376	0	0
233472	0	0
237568	16	0
241664	0	0
245760	0	0
249856	0	0
253952	0	0
258048	0	0
262144	0	0
270336	0	0
278528	0	0
286720	16	0
294912	0	0
303104	0	0
311296	0	0
319488	16	0
327680	0	0
335872	0	0
344064	0	0
352256	0	0
360448	0	0
368640	0	0
376832	0	0
385024	0	0
393216	16	16
401408	0	0
409600	0	0
417792	0	0
425984	0	0
434176	0	0
442368	0	0
450560	0	0
458752	0	0
466944	0	0
475136	16	16
483328	0	0
491520	0	0
499712	0	0
507904	0	0
516096	0	0
524288	0	0
540672	0	0
557056	16	0
573440	0	0
589824	0	0
606208	0	0
622592	16	0
638976	0	0
655360	0	0
671744	0	0
688128	0	0
704512	0	0
720896	0	0
737280	0	0
753664	0	0
770048	0	0
786432	16	16
802816	32	16
819200	0	0
835584	0	0
851968	0	0
868352	0	0
884736	0	0
901120	0	0
917504	0	0
933888	0	0
950272	16	16
966656	0	0
983040	0	0
999424	0	0
1015808	16	16
1032192	0	0
1048576	0	0
1081344	0	0
1114112	0	0
1146880	0	0
1179648	0	0
1212416	16	0
1245184	0	0
1277952	0	0
1310720	0	0
1343488	0	0
1376256	16	16
1409024	16	16
1441792	16	0
1474560	0	0
1507328	32	16
1540096	0	0
1572864	16	0
1605632	48	32
1638400	16	0
1671168	16	0
1703936	0	0
1736704	32	16
1769472	0	0
1802240	32	16
1835008	0	0
1867776	48	0
1900544	0	0
1933312	32	16
1966080	16	16
1998848	32	32
2031616	0	0
2064384	0	0
2097152	16	0
2162688	48	32
2228224	16	0
2293760	80	48
2359296	0	0
2424832	32	32
2490368	64	32
2555904	32	32
2621440	32	16
2686976	64	48
2752512	32	16
2818048	80	64
2883584	32	0
2949120	80	48
3014656	32	16
3080192	96	32
3145728	32	32
3211264	48	32
3276800	64	48
3342336	0	0
3407872	0	0
3473408	96	64
3538944	64	16
3604480	16	16
3670016	32	32
3735552	48	32
3801088	80	48
3866624	64	16
3932160	48	16
3997696	48	16
4063232	48	0
4128768	32	16
4194304	128	48
4325376	176	112
4456448	112	64
4587520	64	48
4718592	80	64
4849664	128	80
4980736	80	32
5111808	64	0
5242880	96	64
5373952	16	0
5505024	48	48
5636096	48	48
5767168	32	32
5898240	80	48
6029312	48	48
6160384	128	96
6291456	96	80
6422528	80	64
6553600	64	16
6684672	64	16
6815744	48	16
6946816	96	32
7077888	80	48
7208960	32	0
7340032	32	16
7471104	64	0
7602176	16	16
7733248	80	16
7864320	48	16
7995392	16	0
8126464	32	0
8257536	32	32
8388608	48	48
8650752	12048	12048
8912896	0	0
9175040	0	0
9437184	0	0
9699328	0	0
9961472	0	0
10223616	0	0
10485760	0	0
10747904	0	0
11010048	0	0
11272192	0	0
11534336	0	0
11796480	0	0
12058624	0	0
12320768	0	0
12582912	0	0
12845056	0	0
13107200	0	0
13369344	0	0
13631488	0	0
13893632	0	0
14155776	0	0
14417920	0	0
14680064	0	0
14942208	0	0
15204352	0	0
15466496	0	0
15728640	0	0
15990784	0	0
16252928	0	0
16515072	0	0
16777216	0	0
17301504	0	0
17825792	0	0
18350080	0	0
18874368	0	0
19398656	0	0
19922944	0	0
20447232	0	0
20971520	0	0
21495808	0	0
22020096	0	0
22544384	0	0
23068672	0	0
23592960	0	0
24117248	0	0
24641536	0	0
25165824	0	0
25690112	0	0
26214400	0	0
26738688	0	0
27262976	0	0
27787264	0	0
28311552	0	0
28835840	0	0
29360128	0	0
29884416	0	0
30408704	0	0
30932992	0	0
31457280	0	0
31981568	0	0
32505856	0	0
33030144	0	0
33554432	0	0
34603008	0	0
35651584	0	0
36700160	0	0
37748736	0	0
38797312	0	0
39845888	0	0
40894464	0	0
41943040	0	0
42991616	0	0
44040192	0	0
45088768	0	0
46137344	0	0
47185920	0	0
48234496	0	0
49283072	0	0
50331648	0	0
51380224	0	0
52428800	0	0
53477376	0	0
54525952	0	0
55574528	0	0
56623104	0	0
57671680	0	0
58720256	0	0
59768832	0	0
60817408	0	0
61865984	0	0
62914560	0	0
63963136	0	0
65011712	0	0
66060288	0	0
67108864	0	0
69206016	0	0
71303168	0	0
73400320	0	0
75497472	0	0
77594624	0	0
79691776	0	0
81788928	0	0
83886080	0	0
85983232	0	0
88080384	0	0
90177536	0	0
92274688	0	0
94371840	0	0
96468992	0	0
98566144	0	0
100663296	0	0
102760448	0	0
104857600	0	0
106954752	0	0
109051904	0	0
111149056	0	0
113246208	0	0
115343360	0	0
117440512	0	0
119537664	0	0
121634816	0	0
123731968	0	0
125829120	0	0
127926272	0	0
130023424	0	0
132120576	0	0
134217728	0	0
138412032	0	0
142606336	0	0
146800640	0	0
150994944	0	0
155189248	0	0
159383552	0	0
163577856	0	0
167772160	0	0
171966464	0	0
176160768	0	0
180355072	0	0
184549376	0	0
188743680	0	0
192937984	0	0
197132288	0	0
201326592	0	0
205520896	0	0
209715200	0	0
213909504	0	0
218103808	0	0
222298112	0	0
226492416	0	0
230686720	0	0
234881024	0	0
239075328	0	0
243269632	0	0
247463936	0	0
251658240	0	0
255852544	0	0
260046848	0	0
264241152	0	0
268435456	0	0
276824064	0	0
285212672	0	0
293601280	0	0
301989888	0	0
310378496	0	0
318767104	0	0
327155712	0	0
335544320	0	0
343932928	0	0
352321536	0	0
360710144	0	0
369098752	0	0
377487360	0	0
385875968	0	0
394264576	0	0
402653184	0	0
411041792	0	0
419430400	0	0
427819008	0	0
436207616	0	0
444596224	0	0
452984832	0	0
461373440	0	0
469762048	0	0
478150656	0	0
486539264	0	0
494927872	0	0
503316480	0	0
511705088	0	0
520093696	0	0
528482304	0	0
536870912	0	0
553648128	0	0
570425344	0	0
587202560	0	0
603979776	0	0
620756992	0	0
637534208	0	0
654311424	0	0
671088640	0	0
687865856	0	0
704643072	0	0
721420288	0	0
738197504	0	0
754974720	0	0
771751936	0	0
788529152	0	0
805306368	0	0
822083584	0	0
838860800	0	0
855638016	0	0
872415232	0	0
889192448	0	0
905969664	0	0
922746880	0	0
939524096	0	0
956301312	0	0
973078528	0	0
989855744	0	0
1006632960	0	0
1023410176	0	0
1040187392	0	0
1056964608	0	0
1073741824	0	0
1107296256	0	0
1140850688	0	0
1174405120	0	0
1207959552	0	0
1241513984	0	0
1275068416	0	0
1308622848	0	0
1342177280	0	0
1375731712	0	0
1409286144	0	0
1442840576	0	0
1476395008	0	0
1509949440	0	0
1543503872	0	0
1577058304	0	0
1610612736	0	0
1644167168	0	0
1677721600	0	0
1711276032	0	0
1744830464	0	0
1778384896	0	0
1811939328	0	0
1845493760	0	0
1879048192	0	0
1912602624	0	0
1946157056	0	0
1979711488	0	0
2013265920	0	0
2046820352	0	0
2080374784	0	0
2113929216	0	0
2147483648	0	0
2214592512	0	0
2281701376	0	0
2348810240	0	0
2415919104	0	0
2483027968	0	0
2550136832	0	0
2617245696	0	0
2684354560	0	0
2751463424	0	0
2818572288	0	0
2885681152	0	0
2952790016	0	0
3019898880	0	0
3087007744	0	0
3154116608	0	0
3221225472	0	0
3288334336	0	0
3355443200	0	0
3422552064	0	0
3489660928	0	0
3556769792	0	0
3623878656	0	0
3690987520	0	0
3758096384	0	0
3825205248	0	0
3892314112	0	0
3959422976	0	0
4026531840	0	0
4093640704	0	0
4160749568	0	0
4227858432	0	0
